<?xml version="1.0" encoding="UTF-8"?>
<!-- Generated by org.testng.reporters.JUnitReportReporter -->
<testsuite hostname="DESKTOP-B1CUU75" failures="0" tests="9" name="Amosafer" time="23.984" errors="0" timestamp="2025-01-27T13:28:31 GMT+03:00" skipped="3">
  <testcase classname="Amosafer" name="checkLanEnIsCorrect" time="0.053"/>
  <system-out/>
  <testcase classname="Amosafer" name="CheckNumIsareCorrect" time="0.053"/>
  <system-out/>
  <testcase classname="Amosafer" name="verifyGitafLogoIsDisplayed" time="0.048"/>
  <system-out/>
  <testcase classname="Amosafer" name="CheckDepatureDate" time="0.073"/>
  <system-out/>
  <testcase classname="Amosafer" name="RandomlyChangeTheLanguage" time="10.405"/>
  <system-out/>
  <testcase classname="Amosafer" name="CheckTheSortOption" time="13.352"/>
  <system-out/>
  <testcase classname="Amosafer" name="CheckReturnDat">
    <skipped/>
  </testcase> <!-- CheckReturnDat -->
  <system-out/>
  <testcase classname="Amosafer" name="CheckSarIsDefualt">
    <skipped/>
  </testcase> <!-- CheckSarIsDefualt -->
  <system-out/>
  <testcase classname="Amosafer" name="hotelsTabIsNotByDefualt">
    <skipped/>
  </testcase> <!-- hotelsTabIsNotByDefualt -->
  <system-out/>
</testsuite> <!-- Amosafer -->
